Build started 01.11.2021 17:44:28.
Logging verbosity is set to: Normal.     1>Project "D:\Язык C\Processor\Debugger\Debugger.vcxproj" on node 2 (Build target(s)).
     1>PrepareForBuild:
         Creating directory "x64\Debug\Debugger.tlog\".
       InitializeBuildStatus:
         Creating "x64\Debug\Debugger.tlog\unsuccessfulbuild" because "AlwaysCreate" was specified.
       ClCompile:
         C:\Program Files (x86)\Microsoft Visual Studio\2019\Community\VC\Tools\MSVC\14.28.29333\bin\HostX86\x64\CL.exe /c /ZI /JMC /nologo /W3 /WX- /diagnostics:column /sdl /Od /D _DEBUG /D _CONSOLE /D _UNICODE /D UNICODE /Gm- /EHsc /RTC1 /MDd /GS /fp:precise /permissive- /Zc:wchar_t /Zc:forScope /Zc:inline /Fo"x64\Debug\\" /Fd"x64\Debug\vc142.pdb" /Gd /TP /FC /errorReport:prompt main.cpp
         main.cpp
     1>D:\Язык C\Processor\Debugger\main.cpp(6,1): warning C4326: return type of 'main' should be 'int' instead of 'void'
       Link:
         C:\Program Files (x86)\Microsoft Visual Studio\2019\Community\VC\Tools\MSVC\14.28.29333\bin\HostX86\x64\link.exe /ERRORREPORT:PROMPT /OUT:"D:\Язык C\Processor\x64\Debug\Debugger.exe" /INCREMENTAL /NOLOGO kernel32.lib user32.lib gdi32.lib winspool.lib comdlg32.lib advapi32.lib shell32.lib ole32.lib oleaut32.lib uuid.lib odbc32.lib odbccp32.lib /MANIFEST /MANIFESTUAC:"level='asInvoker' uiAccess='false'" /manifest:embed /DEBUG:FASTLINK /PDB:"D:\Язык C\Processor\x64\Debug\Debugger.pdb" /SUBSYSTEM:CONSOLE /TLBID:1 /DYNAMICBASE /NXCOMPAT /IMPLIB:"D:\Язык C\Processor\x64\Debug\Debugger.lib" /MACHINE:X64 x64\Debug\main.obj
         Debugger.vcxproj -> D:\Язык C\Processor\x64\Debug\Debugger.exe
       FinalizeBuildStatus:
         Deleting file "x64\Debug\Debugger.tlog\unsuccessfulbuild".
         Touching "x64\Debug\Debugger.tlog\Debugger.lastbuildstate".
     1>Done Building Project "D:\Язык C\Processor\Debugger\Debugger.vcxproj" (Build target(s)).

Build succeeded.

       "D:\Язык C\Processor\Debugger\Debugger.vcxproj" (Build target) (1) ->
       (ClCompile target) -> 
         D:\Язык C\Processor\Debugger\main.cpp(6,1): warning C4326: return type of 'main' should be 'int' instead of 'void'

    1 Warning(s)
    0 Error(s)

Time Elapsed 00:00:00.16
