Build started 01.11.2021 17:44:59.
Logging verbosity is set to: Normal.     1>Project "D:\Язык C\Processor\CPU\CPU.vcxproj" on node 3 (Build target(s)).
     1>InitializeBuildStatus:
         Touching "x64\Debug\CPU.tlog\unsuccessfulbuild".
       ClCompile:
         C:\Program Files (x86)\Microsoft Visual Studio\2019\Community\VC\Tools\MSVC\14.28.29333\bin\HostX86\x64\CL.exe /c /I"D:\Язык C\Processor\Libraries\\" /ZI /JMC /nologo /W3 /WX- /diagnostics:column /sdl /Od /D _DEBUG /D _CONSOLE /D _UNICODE /D UNICODE /Gm- /EHsc /RTC1 /MDd /GS /fp:precise /permissive- /Zc:wchar_t /Zc:forScope /Zc:inline /Fo"x64\Debug\\" /Fd"x64\Debug\vc142.pdb" /Gd /TP /FC /errorReport:prompt "D:\Язык C\Processor\Libraries\FilesFormat.cpp" "D:\Язык C\Processor\Libraries\Logs\Logs.cpp" "D:\Язык C\Processor\Libraries\StringLibrary\StringLibrary.cpp" main.cpp Processor.cpp
         FilesFormat.cpp
     1>D:\Язык C\Processor\Libraries\FilesFormat.cpp(23,18): error C4996: 'fopen': This function or variable may be unsafe. Consider using fopen_s instead. To disable deprecation, use _CRT_SECURE_NO_WARNINGS. See online help for details.
         Logs.cpp
     1>D:\Язык C\Processor\Libraries\Logs\Logs.cpp(16,19): error C4996: 'localtime': This function or variable may be unsafe. Consider using localtime_s instead. To disable deprecation, use _CRT_SECURE_NO_WARNINGS. See online help for details.
     1>D:\Язык C\Processor\Libraries\Logs\Logs.cpp(74,31): warning C4129: 'p': unrecognized character escape sequence
     1>D:\Язык C\Processor\Libraries\Logs\Logs.cpp(77,31): warning C4129: 'p': unrecognized character escape sequence
     1>D:\Язык C\Processor\Libraries\Logs\Logs.cpp(80,31): warning C4129: 'p': unrecognized character escape sequence
     1>D:\Язык C\Processor\Libraries\Logs\Logs.cpp(60,19): error C4996: 'localtime': This function or variable may be unsafe. Consider using localtime_s instead. To disable deprecation, use _CRT_SECURE_NO_WARNINGS. See online help for details.
         StringLibrary.cpp
     1>D:\Язык C\Processor\Libraries\StringLibrary\StringLibrary.cpp(112,18): error C4996: 'fopen': This function or variable may be unsafe. Consider using fopen_s instead. To disable deprecation, use _CRT_SECURE_NO_WARNINGS. See online help for details.
         main.cpp
         Processor.cpp
     1>D:\Язык C\Processor\CPU\Processor.cpp(66,24): warning C4477: 'printf' : format string '%s' requires an argument of type 'char *', but variadic argument 1 has type 'int'
     1>D:\Язык C\Processor\CPU\Processor.cpp(66,24): warning C4313: 'printf': '%s' in format string conflicts with argument 1 of type 'int'
     1>D:\Язык C\Processor\CPU\Processor.cpp(106,32): warning C4477: 'printf' : format string '%d' requires an argument of type 'int', but variadic argument 1 has type 'size_t'
       D:\Язык C\Processor\CPU\Processor.cpp(106,32): message : consider using '%zd' in the format string
     1>D:\Язык C\Processor\CPU\Processor.cpp(138,40): warning C4477: 'printf' : format string '%d' requires an argument of type 'int', but variadic argument 1 has type 'size_t'
       D:\Язык C\Processor\CPU\Processor.cpp(138,40): message : consider using '%zd' in the format string
     1>D:\Язык C\Processor\CPU\Processor.cpp(145,38): warning C4244: 'initializing': conversion from 'double' to 'int', possible loss of data
     1>D:\Язык C\Processor\CPU\Processor.cpp(171,36): warning C4477: 'printf' : format string '%d' requires an argument of type 'int', but variadic argument 1 has type 'size_t'
       D:\Язык C\Processor\CPU\Processor.cpp(171,36): message : consider using '%zd' in the format string
     1>D:\Язык C\Processor\CPU\Processor.cpp(397,30): warning C4244: '=': conversion from 'size_t' to 'double', possible loss of data
     1>D:\Язык C\Processor\CPU\Processor.cpp(185,21): error C4996: 'scanf': This function or variable may be unsafe. Consider using scanf_s instead. To disable deprecation, use _CRT_SECURE_NO_WARNINGS. See online help for details.
         Generating Code...
     1>Done Building Project "D:\Язык C\Processor\CPU\CPU.vcxproj" (Build target(s)) -- FAILED.

Build FAILED.

       "D:\Язык C\Processor\CPU\CPU.vcxproj" (Build target) (1) ->
       (ClCompile target) -> 
         D:\Язык C\Processor\Libraries\Logs\Logs.cpp(74,31): warning C4129: 'p': unrecognized character escape sequence
         D:\Язык C\Processor\Libraries\Logs\Logs.cpp(77,31): warning C4129: 'p': unrecognized character escape sequence
         D:\Язык C\Processor\Libraries\Logs\Logs.cpp(80,31): warning C4129: 'p': unrecognized character escape sequence
         D:\Язык C\Processor\CPU\Processor.cpp(66,24): warning C4477: 'printf' : format string '%s' requires an argument of type 'char *', but variadic argument 1 has type 'int'
         D:\Язык C\Processor\CPU\Processor.cpp(66,24): warning C4313: 'printf': '%s' in format string conflicts with argument 1 of type 'int'
         D:\Язык C\Processor\CPU\Processor.cpp(106,32): warning C4477: 'printf' : format string '%d' requires an argument of type 'int', but variadic argument 1 has type 'size_t'
         D:\Язык C\Processor\CPU\Processor.cpp(138,40): warning C4477: 'printf' : format string '%d' requires an argument of type 'int', but variadic argument 1 has type 'size_t'
         D:\Язык C\Processor\CPU\Processor.cpp(145,38): warning C4244: 'initializing': conversion from 'double' to 'int', possible loss of data
         D:\Язык C\Processor\CPU\Processor.cpp(171,36): warning C4477: 'printf' : format string '%d' requires an argument of type 'int', but variadic argument 1 has type 'size_t'
         D:\Язык C\Processor\CPU\Processor.cpp(397,30): warning C4244: '=': conversion from 'size_t' to 'double', possible loss of data


       "D:\Язык C\Processor\CPU\CPU.vcxproj" (Build target) (1) ->
       (ClCompile target) -> 
         D:\Язык C\Processor\Libraries\FilesFormat.cpp(23,18): error C4996: 'fopen': This function or variable may be unsafe. Consider using fopen_s instead. To disable deprecation, use _CRT_SECURE_NO_WARNINGS. See online help for details.
         D:\Язык C\Processor\Libraries\Logs\Logs.cpp(16,19): error C4996: 'localtime': This function or variable may be unsafe. Consider using localtime_s instead. To disable deprecation, use _CRT_SECURE_NO_WARNINGS. See online help for details.
         D:\Язык C\Processor\Libraries\Logs\Logs.cpp(60,19): error C4996: 'localtime': This function or variable may be unsafe. Consider using localtime_s instead. To disable deprecation, use _CRT_SECURE_NO_WARNINGS. See online help for details.
         D:\Язык C\Processor\Libraries\StringLibrary\StringLibrary.cpp(112,18): error C4996: 'fopen': This function or variable may be unsafe. Consider using fopen_s instead. To disable deprecation, use _CRT_SECURE_NO_WARNINGS. See online help for details.
         D:\Язык C\Processor\CPU\Processor.cpp(185,21): error C4996: 'scanf': This function or variable may be unsafe. Consider using scanf_s instead. To disable deprecation, use _CRT_SECURE_NO_WARNINGS. See online help for details.

    10 Warning(s)
    5 Error(s)

Time Elapsed 00:00:00.79
